Using pre-set license
Built from '2020.2/staging' branch; Version is '2020.2.3f1 (8ff31bc5bf5b) revision 9433883'; Using compiler version '192528614'; Build Type 'Release'
OS: 'Windows 10 Home; OS build 19042.804; Version 2009; 64bit' Language: 'en' Physical Memory: 16120 MB
BatchMode: 1, IsHumanControllingUs: 0, StartBugReporterOnCrash: 0, Is64bit: 1, IsPro: 0

 COMMAND LINE ARGUMENTS:
C:\Program Files\Unity\Hub\Editor\2020.2.3f1\Editor\Unity.exe
-adb2
-batchMode
-noUpm
-name
AssetImportWorker1
-projectPath
C:/Users/Daisy/Documents/Unity/Motherof Pearl
-logFile
Logs/AssetImportWorker1.log
-srvPort
52008
Successfully changed project path to: C:/Users/Daisy/Documents/Unity/Motherof Pearl
C:/Users/Daisy/Documents/Unity/Motherof Pearl
Using Asset Import Pipeline V2.
Refreshing native plugins compatible for Editor in 179.30 ms, found 0 plugins.
Preloading 0 native plugins for Editor in 0.00 ms.
Initialize engine version: 2020.2.3f1 (8ff31bc5bf5b)
[Subsystems] Discovering subsystems at path C:/Program Files/Unity/Hub/Editor/2020.2.3f1/Editor/Data/Resources/UnitySubsystems
[Subsystems] Discovering subsystems at path C:/Users/Daisy/Documents/Unity/Motherof Pearl/Assets
GfxDevice: creating device client; threaded=0
Direct3D:
    Version:  Direct3D 11.0 [level 11.1]
    Renderer: NVIDIA GeForce GTX 1050 Ti with Max-Q Design (ID=0x1c8c)
    Vendor:   
    VRAM:     4021 MB
    Driver:   27.21.14.5241
Initialize mono
Mono path[0] = 'C:/Program Files/Unity/Hub/Editor/2020.2.3f1/Editor/Data/Managed'
Mono path[1] = 'C:/Program Files/Unity/Hub/Editor/2020.2.3f1/Editor/Data/MonoBleedingEdge/lib/mono/unityjit'
Mono config path = 'C:/Program Files/Unity/Hub/Editor/2020.2.3f1/Editor/Data/MonoBleedingEdge/etc'
Using monoOptions --debugger-agent=transport=dt_socket,embedding=1,server=y,suspend=n,address=127.0.0.1:56132
Begin MonoManager ReloadAssembly
Registering precompiled unity dll's ...
Register platform support module: C:/Program Files/Unity/Hub/Editor/2020.2.3f1/Editor/Data/PlaybackEngines/WindowsStandaloneSupport/UnityEditor.WindowsStandalone.Extensions.dll
Registered in 0.003148 seconds.
Native extension for WindowsStandalone target not found
Refreshing native plugins compatible for Editor in 205.82 ms, found 0 plugins.
Preloading 0 native plugins for Editor in 0.00 ms.
Invoked RoslynAnalysisRunner static constructor.
RoslynAnalysisRunner will not be running.
RoslynAnalysisRunner has terminated.
Mono: successfully reloaded assembly
- Completed reload, in  3.027 seconds
Platform modules already initialized, skipping
Registering precompiled user dll's ...
Registered in 0.004760 seconds.
Begin MonoManager ReloadAssembly
Native extension for WindowsStandalone target not found
Refreshing native plugins compatible for Editor in 281.48 ms, found 0 plugins.
Preloading 0 native plugins for Editor in 0.00 ms.
Invoked RoslynAnalysisRunner static constructor.
RoslynAnalysisRunner will not be running.
RoslynAnalysisRunner has terminated.
Mono: successfully reloaded assembly
- Completed reload, in  4.194 seconds
Platform modules already initialized, skipping
========================================================================
Worker process is ready to serve import requests
Launched and connected shader compiler UnityShaderCompiler.exe after 0.14 seconds
Refreshing native plugins compatible for Editor in 2.23 ms, found 0 plugins.
Preloading 0 native plugins for Editor in 0.00 ms.
Unloading 3465 Unused Serialized files (Serialized files now loaded: 0)
System memory in use before: 167.1 MB.
System memory in use after: 163.5 MB.

Unloading 45 unused Assets to reduce memory usage. Loaded Objects now: 3889.
Total: 19.161800 ms (FindLiveObjects: 1.177600 ms CreateObjectMapping: 0.765300 ms MarkObjects: 7.582500 ms  DeleteObjects: 9.632700 ms)

========================================================================
Received Import Request.
  path: Assets/VFXDefaultResources.asset
  artifactKey: Guid(145290c901d58b343bdeb3b4362c9ff2) Importer(815301076,1909f56bfc062723c751e8b465ee728b)
Start importing Assets/VFXDefaultResources.asset using Guid(145290c901d58b343bdeb3b4362c9ff2) Importer(815301076,1909f56bfc062723c751e8b465ee728b)  -> (artifact id: '40c6ce85c414adc4aaaab15757b95bcf') in 0.190790 seconds
  Import took 0.206245 seconds .

========================================================================
Received Import Request.
  Time since last request: 0.000778 seconds.
  path: Assets/Scenes
  artifactKey: Guid(4668702ea289bd8419951935c787ecf3) Importer(815301076,1909f56bfc062723c751e8b465ee728b)
Start importing Assets/Scenes using Guid(4668702ea289bd8419951935c787ecf3) Importer(815301076,1909f56bfc062723c751e8b465ee728b)  -> (artifact id: 'af30da65f9ef2bafa353b7f5a2304982') in 0.016768 seconds
  Import took 0.031149 seconds .

========================================================================
Received Import Request.
  Time since last request: 0.000463 seconds.
  path: Assets/Readme.asset
  artifactKey: Guid(83c2ed844a8c74b779a4c823d16594b1) Importer(815301076,1909f56bfc062723c751e8b465ee728b)
Start importing Assets/Readme.asset using Guid(83c2ed844a8c74b779a4c823d16594b1) Importer(815301076,1909f56bfc062723c751e8b465ee728b)  -> (artifact id: '68b005bedcc8e7bc4312d1fcd7b8407f') in 0.023113 seconds
  Import took 0.038590 seconds .

========================================================================
Received Import Request.
  Time since last request: 9.186027 seconds.
  path: Assets/Scenes/Mother of Pearl.unity
  artifactKey: Guid(208820d3930f88b458fbafc0929409a9) Importer(815301076,1909f56bfc062723c751e8b465ee728b)
Start importing Assets/Scenes/Mother of Pearl.unity using Guid(208820d3930f88b458fbafc0929409a9) Importer(815301076,1909f56bfc062723c751e8b465ee728b)  -> (artifact id: 'e9f3a8a33842cec5d2f5af630a22e707') in 0.015254 seconds
  Import took 0.030751 seconds .

========================================================================
Received Import Request.
  Time since last request: 0.015230 seconds.
  path: Assets/Scenes/Mother of Pearl.unity
  artifactKey: Guid(208820d3930f88b458fbafc0929409a9) Importer(815301076,1909f56bfc062723c751e8b465ee728b)
Start importing Assets/Scenes/Mother of Pearl.unity using Guid(208820d3930f88b458fbafc0929409a9) Importer(815301076,1909f56bfc062723c751e8b465ee728b)  -> (artifact id: 'e9f3a8a33842cec5d2f5af630a22e707') in 0.008280 seconds
  Import took 0.024034 seconds .

========================================================================
Received Import Request.
  Time since last request: 77.661392 seconds.
  path: Assets
  artifactKey: Guid(00000000000000001000000000000000) Importer(815301076,1909f56bfc062723c751e8b465ee728b)
Start importing Assets using Guid(00000000000000001000000000000000) Importer(815301076,1909f56bfc062723c751e8b465ee728b)  -> (artifact id: '653ce283d384579a24208b2e4d727c2a') in 0.018805 seconds
  Import took 0.035759 seconds .

========================================================================
Received Import Request.
  Time since last request: 5.125563 seconds.
  path: Assets/Models
  artifactKey: Guid(6f35d31c3571ce940933768f1bd1c18e) Importer(815301076,1909f56bfc062723c751e8b465ee728b)
Start importing Assets/Models using Guid(6f35d31c3571ce940933768f1bd1c18e) Importer(815301076,1909f56bfc062723c751e8b465ee728b)  -> (artifact id: '79123e201554519e702d5fc8ac824099') in 0.017334 seconds
  Import took 0.035103 seconds .

========================================================================
Received Import Request.
  Time since last request: 63.792193 seconds.
  path: Assets/Models/bath with water.fbx
  artifactKey: Guid(06b2afdb3785e94469d9f71ff152432e) Importer(815301076,1909f56bfc062723c751e8b465ee728b)
Start importing Assets/Models/bath with water.fbx using Guid(06b2afdb3785e94469d9f71ff152432e) Importer(815301076,1909f56bfc062723c751e8b465ee728b)  -> (artifact id: '6c1f876950159b1ee9a4250bf003dbc1') in 3.723814 seconds
  Import took 3.742806 seconds .

========================================================================
Received Import Request.
  Time since last request: 0.000496 seconds.
  path: Assets/Models/dining table.fbx
  artifactKey: Guid(93405d16f12fccc438ac75caf589a291) Importer(815301076,1909f56bfc062723c751e8b465ee728b)
Start importing Assets/Models/dining table.fbx using Guid(93405d16f12fccc438ac75caf589a291) Importer(815301076,1909f56bfc062723c751e8b465ee728b)  -> (artifact id: '3f785b8f02b29ef5122ef8d974d3f8a1') in 0.128545 seconds
  Import took 0.145246 seconds .

========================================================================
Received Import Request.
  Time since last request: 0.000599 seconds.
  path: Assets/Models/bookshelf.fbx
  artifactKey: Guid(bea9828eb941dd3438fb4433afd54ae5) Importer(815301076,1909f56bfc062723c751e8b465ee728b)
Start importing Assets/Models/bookshelf.fbx using Guid(bea9828eb941dd3438fb4433afd54ae5) Importer(815301076,1909f56bfc062723c751e8b465ee728b)  -> (artifact id: 'eb79ed8971d478a17e88147482156ea5') in 0.499922 seconds
  Import took 0.519099 seconds .

========================================================================
Received Import Request.
  Time since last request: 0.000512 seconds.
  path: Assets/Models/door.fbx
  artifactKey: Guid(9498abacae29c364bb3417880413ca49) Importer(815301076,1909f56bfc062723c751e8b465ee728b)
Start importing Assets/Models/door.fbx using Guid(9498abacae29c364bb3417880413ca49) Importer(815301076,1909f56bfc062723c751e8b465ee728b)  -> (artifact id: '49723386963e17c08490b6d0bb7d3537') in 0.128885 seconds
  Import took 0.145408 seconds .

========================================================================
Received Import Request.
  Time since last request: 0.000476 seconds.
  path: Assets/Models/laptop ON.fbx
  artifactKey: Guid(c748a069562112d4aa42e9e1c8b341fe) Importer(815301076,1909f56bfc062723c751e8b465ee728b)
Start importing Assets/Models/laptop ON.fbx using Guid(c748a069562112d4aa42e9e1c8b341fe) Importer(815301076,1909f56bfc062723c751e8b465ee728b)  -> (artifact id: '67a7107245613ea71e10afa1fc45dcec') in 0.331022 seconds
  Import took 0.349160 seconds .

========================================================================
Received Import Request.
  Time since last request: 0.000565 seconds.
  path: Assets/Models/side table fixed.fbx
  artifactKey: Guid(0870dec4613cf494ab06169a3d9a80eb) Importer(815301076,1909f56bfc062723c751e8b465ee728b)
Start importing Assets/Models/side table fixed.fbx using Guid(0870dec4613cf494ab06169a3d9a80eb) Importer(815301076,1909f56bfc062723c751e8b465ee728b)  -> (artifact id: 'ba7322010437f43b6777fb1406151be4') in 0.143876 seconds
  Import took 0.159787 seconds .

========================================================================
Received Import Request.
  Time since last request: 0.000609 seconds.
  path: Assets/Models/stack pf paper.fbx
  artifactKey: Guid(d5950590262196f479381544042a546c) Importer(815301076,1909f56bfc062723c751e8b465ee728b)
Start importing Assets/Models/stack pf paper.fbx using Guid(d5950590262196f479381544042a546c) Importer(815301076,1909f56bfc062723c751e8b465ee728b)  -> (artifact id: '3569ef0f161b958dd15e71406a0702a1') in 0.148095 seconds
  Import took 0.167665 seconds .

========================================================================
Received Import Request.
  Time since last request: 0.000571 seconds.
  path: Assets/Models/TV OFF.fbx
  artifactKey: Guid(d45e05465a220c24898e6d2aed92abee) Importer(815301076,1909f56bfc062723c751e8b465ee728b)
Start importing Assets/Models/TV OFF.fbx using Guid(d45e05465a220c24898e6d2aed92abee) Importer(815301076,1909f56bfc062723c751e8b465ee728b)  -> (artifact id: 'd1d44fa40423fd6ccfa7cf0b7ddb59d1') in 0.185675 seconds
  Import took 0.202551 seconds .

========================================================================
Received Import Request.
  Time since last request: 0.000712 seconds.
  path: Assets/Models/stack of folders.fbx
  artifactKey: Guid(fbdfbf96e9d1d684397275d1c18b3462) Importer(815301076,1909f56bfc062723c751e8b465ee728b)
Start importing Assets/Models/stack of folders.fbx using Guid(fbdfbf96e9d1d684397275d1c18b3462) Importer(815301076,1909f56bfc062723c751e8b465ee728b)  -> (artifact id: '9aae34d10627e5a6659a653e83e74594') in 0.245412 seconds
  Import took 0.268679 seconds .

========================================================================
Received Import Request.
  Time since last request: 0.000529 seconds.
  path: Assets/Models/bath.fbx
  artifactKey: Guid(94166065d1319f84e8a48d06c0e44651) Importer(815301076,1909f56bfc062723c751e8b465ee728b)
Start importing Assets/Models/bath.fbx using Guid(94166065d1319f84e8a48d06c0e44651) Importer(815301076,1909f56bfc062723c751e8b465ee728b)  -> (artifact id: 'bae285da4b3a67b4c809b2d04710f999') in 0.164042 seconds
  Import took 0.183758 seconds .

========================================================================
Received Import Request.
  Time since last request: 0.000802 seconds.
  path: Assets/Models/stacks of books.fbx
  artifactKey: Guid(da46adc7cbbeb9c45b000225675e02fc) Importer(815301076,1909f56bfc062723c751e8b465ee728b)
Start importing Assets/Models/stacks of books.fbx using Guid(da46adc7cbbeb9c45b000225675e02fc) Importer(815301076,1909f56bfc062723c751e8b465ee728b)  -> (artifact id: '6284df6db3300ad486bfc3fde431e645') in 0.343491 seconds
  Import took 0.368903 seconds .

========================================================================
Received Import Request.
  Time since last request: 0.000536 seconds.
  path: Assets/Models/desk.fbx
  artifactKey: Guid(389dd33dafd39e34fb7e81bf7ff613b4) Importer(815301076,1909f56bfc062723c751e8b465ee728b)
Start importing Assets/Models/desk.fbx using Guid(389dd33dafd39e34fb7e81bf7ff613b4) Importer(815301076,1909f56bfc062723c751e8b465ee728b)  -> (artifact id: 'ac274af4715e67a9c61d04efbf4af90d') in 0.117308 seconds
  Import took 0.134737 seconds .

========================================================================
Received Import Request.
  Time since last request: 0.000560 seconds.
  path: Assets/Models/cereal.fbx
  artifactKey: Guid(877020f3c28a0564fbd32cbc533f5df3) Importer(815301076,1909f56bfc062723c751e8b465ee728b)
Start importing Assets/Models/cereal.fbx using Guid(877020f3c28a0564fbd32cbc533f5df3) Importer(815301076,1909f56bfc062723c751e8b465ee728b)  -> (artifact id: 'cb204fccefa01bddd533af05e63aae08') in 0.206931 seconds
  Import took 0.224646 seconds .

========================================================================
Received Import Request.
  Time since last request: 0.000689 seconds.
  path: Assets/Models/Desk fixed.fbx
  artifactKey: Guid(a2f3c8ba8122c5948b232d90af702108) Importer(815301076,1909f56bfc062723c751e8b465ee728b)
Start importing Assets/Models/Desk fixed.fbx using Guid(a2f3c8ba8122c5948b232d90af702108) Importer(815301076,1909f56bfc062723c751e8b465ee728b)  -> (artifact id: '76f8c6f97e7b601d95590e3d9a221190') in 0.153766 seconds
  Import took 0.171950 seconds .

========================================================================
Received Import Request.
  Time since last request: 0.000738 seconds.
  path: Assets/Models/chair.fbx
  artifactKey: Guid(c2bd6b5223500c14db517f48476b50ca) Importer(815301076,1909f56bfc062723c751e8b465ee728b)
Start importing Assets/Models/chair.fbx using Guid(c2bd6b5223500c14db517f48476b50ca) Importer(815301076,1909f56bfc062723c751e8b465ee728b)  -> (artifact id: '8fffc7b715db44886eceb6c357cfc25a') in 0.163102 seconds
  Import took 0.189811 seconds .

========================================================================
Received Import Request.
  Time since last request: 0.000724 seconds.
  path: Assets/Models/laptop.fbx
  artifactKey: Guid(a003c5b126e7b08479a413e654cd1f22) Importer(815301076,1909f56bfc062723c751e8b465ee728b)
Start importing Assets/Models/laptop.fbx using Guid(a003c5b126e7b08479a413e654cd1f22) Importer(815301076,1909f56bfc062723c751e8b465ee728b)  -> (artifact id: '7cc65435b93d5e7f5c98de8d6ebcc042') in 0.263494 seconds
  Import took 0.291156 seconds .

========================================================================
Received Import Request.
  Time since last request: 0.000845 seconds.
  path: Assets/Models/phone.fbx
  artifactKey: Guid(f990e4ddc1eb9e44bac5fc117e3e58fc) Importer(815301076,1909f56bfc062723c751e8b465ee728b)
Start importing Assets/Models/phone.fbx using Guid(f990e4ddc1eb9e44bac5fc117e3e58fc) Importer(815301076,1909f56bfc062723c751e8b465ee728b)  -> (artifact id: 'e5ab1abf8f3cd700e9f1de92973a54c7') in 0.244772 seconds
  Import took 0.260695 seconds .

========================================================================
Received Import Request.
  Time since last request: 0.000570 seconds.
  path: Assets/Models/plant dead.fbx
  artifactKey: Guid(5d18eef09343c404ba55230393f679cb) Importer(815301076,1909f56bfc062723c751e8b465ee728b)
Start importing Assets/Models/plant dead.fbx using Guid(5d18eef09343c404ba55230393f679cb) Importer(815301076,1909f56bfc062723c751e8b465ee728b)  -> (artifact id: '477db6059d60716622538e7dd862d14f') in 0.198221 seconds
  Import took 0.216955 seconds .

========================================================================
Received Import Request.
  Time since last request: 0.000723 seconds.
  path: Assets/Models/side table.fbx
  artifactKey: Guid(d80f53c170a7f3444ae1bdc2b6d24179) Importer(815301076,1909f56bfc062723c751e8b465ee728b)
Start importing Assets/Models/side table.fbx using Guid(d80f53c170a7f3444ae1bdc2b6d24179) Importer(815301076,1909f56bfc062723c751e8b465ee728b)  -> (artifact id: '360d95fd050a6b20b1a436eab62ef5c0') in 0.197677 seconds
  Import took 0.217439 seconds .

========================================================================
Received Import Request.
  Time since last request: 0.000641 seconds.
  path: Assets/Models/Bowl.fbx
  artifactKey: Guid(fc0a39f4896fd0c49ad46e8c9775f4ab) Importer(815301076,1909f56bfc062723c751e8b465ee728b)
Start importing Assets/Models/Bowl.fbx using Guid(fc0a39f4896fd0c49ad46e8c9775f4ab) Importer(815301076,1909f56bfc062723c751e8b465ee728b)  -> (artifact id: 'e26023825d889f23aa818348a5511224') in 0.130887 seconds
  Import took 0.147610 seconds .

========================================================================
Received Import Request.
  Time since last request: 0.000673 seconds.
  path: Assets/Models/desk with pages.fbx
  artifactKey: Guid(fb5a9f41a5756064887e8dbb625b4cfd) Importer(815301076,1909f56bfc062723c751e8b465ee728b)
Start importing Assets/Models/desk with pages.fbx using Guid(fb5a9f41a5756064887e8dbb625b4cfd) Importer(815301076,1909f56bfc062723c751e8b465ee728b)  -> (artifact id: '1c6b0df5ea162add56e99faf5acd9a70') in 0.318660 seconds
  Import took 0.335313 seconds .

========================================================================
Received Import Request.
  Time since last request: 0.000549 seconds.
  path: Assets/Models/book open.fbx
  artifactKey: Guid(548874cd1a637a942a0f793413ad240c) Importer(815301076,1909f56bfc062723c751e8b465ee728b)
Start importing Assets/Models/book open.fbx using Guid(548874cd1a637a942a0f793413ad240c) Importer(815301076,1909f56bfc062723c751e8b465ee728b)  -> (artifact id: '72f17815ecdbd70268c12c654f1972ff') in 0.144654 seconds
  Import took 0.161013 seconds .

========================================================================
Received Import Request.
  Time since last request: 0.000567 seconds.
  path: Assets/Models/frame.fbx
  artifactKey: Guid(8b50af596fd1a254dbad399aa4ba64a4) Importer(815301076,1909f56bfc062723c751e8b465ee728b)
Start importing Assets/Models/frame.fbx using Guid(8b50af596fd1a254dbad399aa4ba64a4) Importer(815301076,1909f56bfc062723c751e8b465ee728b)  -> (artifact id: '200d21eb68839dbca973b3ea6e9f746e') in 0.283259 seconds
  Import took 0.303483 seconds .

========================================================================
Received Import Request.
  Time since last request: 0.000646 seconds.
  path: Assets/Models/watering can.fbx
  artifactKey: Guid(fb699c0028a10bd4988d12a55fc60596) Importer(815301076,1909f56bfc062723c751e8b465ee728b)
Start importing Assets/Models/watering can.fbx using Guid(fb699c0028a10bd4988d12a55fc60596) Importer(815301076,1909f56bfc062723c751e8b465ee728b)  -> (artifact id: 'a115accb2b584a10673cc445883504b9') in 0.207211 seconds
  Import took 0.224742 seconds .

========================================================================
Received Import Request.
  Time since last request: 0.000530 seconds.
  path: Assets/Models/pages.fbx
  artifactKey: Guid(a51c538b367af814fa9e12413d69bfd8) Importer(815301076,1909f56bfc062723c751e8b465ee728b)
Start importing Assets/Models/pages.fbx using Guid(a51c538b367af814fa9e12413d69bfd8) Importer(815301076,1909f56bfc062723c751e8b465ee728b)  -> (artifact id: '15d261c7228b4f2d539e626d5a928bb4') in 0.095348 seconds
  Import took 0.107156 seconds .

========================================================================
Received Import Request.
  Time since last request: 0.000325 seconds.
  path: Assets/Models/bath.fbx
  artifactKey: Guid(94166065d1319f84e8a48d06c0e44651) Importer(815301076,1909f56bfc062723c751e8b465ee728b)
Start importing Assets/Models/bath.fbx using Guid(94166065d1319f84e8a48d06c0e44651) Importer(815301076,1909f56bfc062723c751e8b465ee728b)  -> (artifact id: 'bae285da4b3a67b4c809b2d04710f999') in 0.133008 seconds
  Import took 0.146110 seconds .

========================================================================
Received Import Request.
  Time since last request: 0.000442 seconds.
  path: Assets/Models/side table bench .fbx
  artifactKey: Guid(8acc131980a93b642a3667d8d4201b74) Importer(815301076,1909f56bfc062723c751e8b465ee728b)
Start importing Assets/Models/side table bench .fbx using Guid(8acc131980a93b642a3667d8d4201b74) Importer(815301076,1909f56bfc062723c751e8b465ee728b)  -> (artifact id: '4c798fc3218f76557c329c22a1099463') in 0.131224 seconds
  Import took 0.148264 seconds .

========================================================================
Received Import Request.
  Time since last request: 0.000478 seconds.
  path: Assets/Models/kitchen.fbx
  artifactKey: Guid(26af5f2f6be227444bc6fc08f0e6d698) Importer(815301076,1909f56bfc062723c751e8b465ee728b)
Start importing Assets/Models/kitchen.fbx using Guid(26af5f2f6be227444bc6fc08f0e6d698) Importer(815301076,1909f56bfc062723c751e8b465ee728b)  -> (artifact id: 'd9675893f959829681f89c0103fad4dd') in 0.262233 seconds
  Import took 0.276575 seconds .

========================================================================
Received Import Request.
  Time since last request: 0.000522 seconds.
  path: Assets/Models/stools.fbx
  artifactKey: Guid(9b3250c328b02e344a6fd9115cbed50b) Importer(815301076,1909f56bfc062723c751e8b465ee728b)
Start importing Assets/Models/stools.fbx using Guid(9b3250c328b02e344a6fd9115cbed50b) Importer(815301076,1909f56bfc062723c751e8b465ee728b)  -> (artifact id: '188aedb096ba2fdb3a11d626a33b56b3') in 0.218552 seconds
  Import took 0.233139 seconds .

========================================================================
Received Import Request.
  Time since last request: 0.000387 seconds.
  path: Assets/Models/plant alive.fbx
  artifactKey: Guid(f13ab93a49a1bf34fb0f567bf5a30111) Importer(815301076,1909f56bfc062723c751e8b465ee728b)
Start importing Assets/Models/plant alive.fbx using Guid(f13ab93a49a1bf34fb0f567bf5a30111) Importer(815301076,1909f56bfc062723c751e8b465ee728b)  -> (artifact id: 'cc50dd24987e48379fc13345e632c7c1') in 0.156971 seconds
  Import took 0.171144 seconds .

========================================================================
Received Import Request.
  Time since last request: 0.000379 seconds.
  path: Assets/Models/TV ON.fbx
  artifactKey: Guid(55320181deada4c4ba6401f6c96ef215) Importer(815301076,1909f56bfc062723c751e8b465ee728b)
Start importing Assets/Models/TV ON.fbx using Guid(55320181deada4c4ba6401f6c96ef215) Importer(815301076,1909f56bfc062723c751e8b465ee728b)  -> (artifact id: '4e1a307b8137b2ef83488f2ef19e2de7') in 0.196820 seconds
  Import took 0.210897 seconds .

========================================================================
Received Import Request.
  Time since last request: 0.000305 seconds.
  path: Assets/Models/chair fixed.fbx
  artifactKey: Guid(cb974cf348bd36e4bb9196160191654a) Importer(815301076,1909f56bfc062723c751e8b465ee728b)
Start importing Assets/Models/chair fixed.fbx using Guid(cb974cf348bd36e4bb9196160191654a) Importer(815301076,1909f56bfc062723c751e8b465ee728b)  -> (artifact id: 'b92c2c82bc456cd36eca9b5c319adb51') in 0.098885 seconds
  Import took 0.112460 seconds .

========================================================================
Received Import Request.
  Time since last request: 1044.311288 seconds.
  path: Assets/Models/room with door.fbx
  artifactKey: Guid(33a76b96c56a81947ae1d113202852ba) Importer(815301076,1909f56bfc062723c751e8b465ee728b)
Start importing Assets/Models/room with door.fbx using Guid(33a76b96c56a81947ae1d113202852ba) Importer(815301076,1909f56bfc062723c751e8b465ee728b)  -> (artifact id: '83d1068e77adc494f15ebbe6b1e1d0bf') in 0.206413 seconds
  Import took 0.233804 seconds .

========================================================================
Received Import Request.
  Time since last request: 821.000706 seconds.
  path: Assets/Materials
  artifactKey: Guid(795b2ec38652bba48878f0ac196098b7) Importer(815301076,1909f56bfc062723c751e8b465ee728b)
Start importing Assets/Materials using Guid(795b2ec38652bba48878f0ac196098b7) Importer(815301076,1909f56bfc062723c751e8b465ee728b)  -> (artifact id: 'c07c678347dd9331b463baa912cc95db') in 0.028515 seconds
  Import took 0.057181 seconds .

========================================================================
Received Import Request.
  Time since last request: 12.726942 seconds.
  path: Assets/Materials/white.mat
  artifactKey: Guid(36764766acd4e644ca528be9ba4d910e) Importer(815301076,1909f56bfc062723c751e8b465ee728b)
Start importing Assets/Materials/white.mat using Guid(36764766acd4e644ca528be9ba4d910e) Importer(815301076,1909f56bfc062723c751e8b465ee728b)  -> (artifact id: 'eb865b0e434ae31545cb0581ef53fd57') in 0.220887 seconds
  Import took 0.240901 seconds .

========================================================================
Received Import Request.
  Time since last request: 14.460999 seconds.
  path: Assets/Materials/white.mat
  artifactKey: Guid(36764766acd4e644ca528be9ba4d910e) Importer(815301076,1909f56bfc062723c751e8b465ee728b)
Start importing Assets/Materials/white.mat using Guid(36764766acd4e644ca528be9ba4d910e) Importer(815301076,1909f56bfc062723c751e8b465ee728b)  -> (artifact id: 'ee63924208880d26e2213130b22999da') in 0.098562 seconds
  Import took 0.119938 seconds .

========================================================================
Received Import Request.
  Time since last request: 0.969733 seconds.
  path: Assets/Materials/white 1.mat
  artifactKey: Guid(af372c641786f7043a37fb7b88ce5a90) Importer(815301076,1909f56bfc062723c751e8b465ee728b)
Start importing Assets/Materials/white 1.mat using Guid(af372c641786f7043a37fb7b88ce5a90) Importer(815301076,1909f56bfc062723c751e8b465ee728b)  -> (artifact id: '9be5c5b381c042a730c143249c6ed743') in 0.107103 seconds
  Import took 0.133530 seconds .

========================================================================
Received Import Request.
  Time since last request: 101.501847 seconds.
  path: Assets/Materials/green.mat
  artifactKey: Guid(af372c641786f7043a37fb7b88ce5a90) Importer(815301076,1909f56bfc062723c751e8b465ee728b)
Start importing Assets/Materials/green.mat using Guid(af372c641786f7043a37fb7b88ce5a90) Importer(815301076,1909f56bfc062723c751e8b465ee728b)  -> (artifact id: '7e6e21f35e586fc01259bb1082bf4d1e') in 0.138923 seconds
  Import took 0.164061 seconds .

========================================================================
Received Import Request.
  Time since last request: 0.000757 seconds.
  path: Assets/Materials/red.mat
  artifactKey: Guid(7345d34a56dafb14d97de6c2d020eb08) Importer(815301076,1909f56bfc062723c751e8b465ee728b)
Start importing Assets/Materials/red.mat using Guid(7345d34a56dafb14d97de6c2d020eb08) Importer(815301076,1909f56bfc062723c751e8b465ee728b)  -> (artifact id: '2000132d8ec374033fbd302ecd162030') in 0.128228 seconds
  Import took 0.149134 seconds .

AssetImportWorkerClient::OnTransportError - code=2 error=End of file
